2021-03-21T19:42:30.629+0800 INFO A new User registered. Details UserAccount [accountid=150, fName=Ahmad, lName=Uppal, uName=uppal, password=123, email=asdasd]
2021-03-22T00:49:51.005+0800 INFO A new User registered. Details UserAccount [accountid=151, fName=Ahmad, lName=Uppal, uName=ahmad, password=123, email=ahmad@gmail.com]
2021-03-22T00:49:59.762+0800 INFO User verification un-successful
2021-03-22T01:00:46.811+0800 INFO User verification un-successful
2021-03-22T01:01:15.970+0800 INFO User verification un-successful
2021-03-22T01:01:25.013+0800 INFO User verification successful
2021-03-22T01:01:40.646+0800 INFO A new LocationRegistry added. User Account: UserAccount [accountid=151, fName=Ahmad, lName=Uppal, uName=ahmad, password=123, email=ahmad@gmail.com]Location Type: BeachFront Stay Duration: 3
2021-03-22T01:01:46.297+0800 INFO A new Location Database record added. Loc Reg.: LocationRegistry [locationReg=152, locationType=BeachFront, stayDuration=3, useraccount=UserAccount [accountid=151, fName=Ahmad, lName=Uppal, uName=ahmad, password=123, email=ahmad@gmail.com], locDB=[LocationDB [locationID=153, propertyName=Marriott, propertyPrice=1800.0]]] Property Name: Marriott Property Price: 1800.0
2021-03-22T01:01:55.171+0800 INFO A new LocationRegistry added. User Account: UserAccount [accountid=151, fName=Ahmad, lName=Uppal, uName=ahmad, password=123, email=ahmad@gmail.com]Location Type: HillSide Stay Duration: 5
2021-03-22T01:02:14.052+0800 INFO A new Location Database record added. Loc Reg.: LocationRegistry [locationReg=154, locationType=HillSide, stayDuration=5, useraccount=UserAccount [accountid=151, fName=Ahmad, lName=Uppal, uName=ahmad, password=123, email=ahmad@gmail.com], locDB=[LocationDB [locationID=155, propertyName=Ramada, propertyPrice=1200.0]]] Property Name: Ramada Property Price: 1200.0
2021-03-22T01:02:20.008+0800 INFO A new Conveyance Registry added. User Account: UserAccount [accountid=151, fName=Ahmad, lName=Uppal, uName=ahmad, password=123, email=ahmad@gmail.com]Conveyance Type: Flight
2021-03-22T01:02:24.642+0800 INFO A new Conveyance DB record added. Conv Reg.: ConveyanceRegistry [convReg=156, convType=Flight, useraccount=UserAccount [accountid=151, fName=Ahmad, lName=Uppal, uName=ahmad, password=123, email=ahmad@gmail.com], convDB=[ConveyanceDB [convID=157, convName=CathayPacific, convPrice=1900.0]]] Conveyance Name: CathayPacific Conveyance Price: 1900.0
2021-03-22T01:02:43.520+0800 INFO A new Conveyance Registry added. User Account: UserAccount [accountid=151, fName=Ahmad, lName=Uppal, uName=ahmad, password=123, email=ahmad@gmail.com]Conveyance Type: Train
2021-03-22T01:02:51.298+0800 INFO A new Conveyance DB record added. Conv Reg.: ConveyanceRegistry [convReg=158, convType=Train, useraccount=UserAccount [accountid=151, fName=Ahmad, lName=Uppal, uName=ahmad, password=123, email=ahmad@gmail.com], convDB=[ConveyanceDB [convID=159, convName=Premium, convPrice=850.0]]] Conveyance Name: Premium Conveyance Price: 850.0
2021-03-22T01:02:55.027+0800 INFO Information retrieval successful
2021-03-22T01:34:18.686+0800 INFO A new User registered. Details UserAccount [accountid=101, fName=Ahmad, lName=Uppal, uName=ahmad, password=123, email=ahmad@gmail.com]
2021-03-22T02:55:41.907+0800 INFO A new User registered. Details UserAccount [accountid=160, fName=Ahmad, lName=Uppal, uName=ahmad, password=123, email=ahmad@gmail.com]
2021-03-22T02:55:49.793+0800 INFO User verification un-successful
2021-03-22T02:55:56.832+0800 INFO User verification successful
2021-03-22T02:56:14.197+0800 INFO A new LocationRegistry added. User Account: UserAccount [accountid=160, fName=Ahmad, lName=Uppal, uName=ahmad, password=123, email=ahmad@gmail.com]Location Type: BeachFront Stay Duration: 3
2021-03-22T02:56:20.756+0800 INFO A new Location Database record added. Loc Reg.: LocationRegistry [locationReg=161, locationType=BeachFront, stayDuration=3, useraccount=UserAccount [accountid=160, fName=Ahmad, lName=Uppal, uName=ahmad, password=123, email=ahmad@gmail.com], locDB=[LocationDB [locationID=162, propertyName=Marriott, propertyPrice=1800.0]]] Property Name: Marriott Property Price: 1800.0
2021-03-22T02:56:35.103+0800 INFO A new Conveyance Registry added. User Account: UserAccount [accountid=160, fName=Ahmad, lName=Uppal, uName=ahmad, password=123, email=ahmad@gmail.com]Conveyance Type: Flight
2021-03-22T02:56:39.398+0800 INFO A new Conveyance DB record added. Conv Reg.: ConveyanceRegistry [convReg=163, convType=Flight, useraccount=UserAccount [accountid=160, fName=Ahmad, lName=Uppal, uName=ahmad, password=123, email=ahmad@gmail.com], convDB=[ConveyanceDB [convID=164, convName=CathayPacific, convPrice=1900.0]]] Conveyance Name: CathayPacific Conveyance Price: 1900.0
2021-03-22T02:57:28.532+0800 INFO Information retrieval successful
2021-03-22T10:55:16.951+0800 INFO A new User registered. Details UserAccount [accountid=165, fName=Ahmad, lName=U, uName=uppal, password=123, email=uppal@gmail.com]
2021-03-22T10:55:32.393+0800 INFO User verification un-successful
2021-03-22T10:55:45.733+0800 INFO User verification successful
2021-03-22T10:56:18.002+0800 INFO A new LocationRegistry added. User Account: UserAccount [accountid=165, fName=Ahmad, lName=U, uName=uppal, password=123, email=uppal@gmail.com]Location Type: BeachFront Stay Duration: 3
2021-03-22T10:56:55.006+0800 INFO A new Location Database record added. Loc Reg.: LocationRegistry [locationReg=166, locationType=BeachFront, stayDuration=3, useraccount=UserAccount [accountid=165, fName=Ahmad, lName=U, uName=uppal, password=123, email=uppal@gmail.com], locDB=[LocationDB [locationID=167, propertyName=Sheraton, propertyPrice=2200.0]]] Property Name: Sheraton Property Price: 2200.0
2021-03-22T10:57:15.979+0800 INFO A new LocationRegistry added. User Account: UserAccount [accountid=165, fName=Ahmad, lName=U, uName=uppal, password=123, email=uppal@gmail.com]Location Type: HillSide Stay Duration: 5
2021-03-22T10:57:31.736+0800 INFO A new Location Database record added. Loc Reg.: LocationRegistry [locationReg=168, locationType=HillSide, stayDuration=5, useraccount=UserAccount [accountid=165, fName=Ahmad, lName=U, uName=uppal, password=123, email=uppal@gmail.com], locDB=[LocationDB [locationID=169, propertyName=Hyatt, propertyPrice=1900.0]]] Property Name: Hyatt Property Price: 1900.0
2021-03-22T10:58:06.176+0800 INFO A new Conveyance Registry added. User Account: UserAccount [accountid=165, fName=Ahmad, lName=U, uName=uppal, password=123, email=uppal@gmail.com]Conveyance Type: Flight
2021-03-22T10:58:18.326+0800 INFO A new Conveyance DB record added. Conv Reg.: ConveyanceRegistry [convReg=170, convType=Flight, useraccount=UserAccount [accountid=165, fName=Ahmad, lName=U, uName=uppal, password=123, email=uppal@gmail.com], convDB=[ConveyanceDB [convID=171, convName=HKExpress, convPrice=900.0]]] Conveyance Name: HKExpress Conveyance Price: 900.0
2021-03-22T10:58:48.610+0800 INFO A new Conveyance Registry added. User Account: UserAccount [accountid=165, fName=Ahmad, lName=U, uName=uppal, password=123, email=uppal@gmail.com]Conveyance Type: Train
2021-03-22T10:59:03.034+0800 INFO A new Conveyance DB record added. Conv Reg.: ConveyanceRegistry [convReg=172, convType=Train, useraccount=UserAccount [accountid=165, fName=Ahmad, lName=U, uName=uppal, password=123, email=uppal@gmail.com], convDB=[ConveyanceDB [convID=173, convName=Standard, convPrice=600.0]]] Conveyance Name: Standard Conveyance Price: 600.0
2021-03-22T10:59:17.190+0800 INFO Information retrieval successful
2021-03-22T11:00:29.459+0800 INFO User verification successful
